Vivado Simulator 2016.2
Copyright 1986-1999, 2001-2016 Xilinx, Inc. All Rights Reserved.
<<<<<<< HEAD
Running: C:/Xilinx/Vivado/2016.2/bin/unwrapped/win64.o/xelab.exe -wto cfa84ca63fc54fd180d347ee81a35e64 --debug typical --relax --mt 2 -L xil_defaultlib -L xpm -L blk_mem_gen_v8_3_3 -L xbip_utils_v3_0_6 -L axi_utils_v2_0_2 -L cic_compiler_v4_0_10 -L axis_infrastructure_v1_1_0 -L fifo_generator_v13_1_1 -L axis_data_fifo_v1_1_10 -L axis_register_slice_v1_1_9 -L axis_dwidth_converter_v1_1_8 -L unisims_ver -L unimacro_ver -L secureip --snapshot testbench_iv_behav xil_defaultlib.testbench_iv xil_defaultlib.glbl -log elaborate.log 
Using 2 slave threads.
Starting static elaboration
WARNING: [VRFC 10-278] actual bit length 16 differs from formal bit length 32 for port cfg_data_1 [C:/github/fp/Simulation2016/I-V/I-V.srcs/sources_1/new/testbench.v:104]
WARNING: [VRFC 10-597] element index -1 into diff_count is out of bounds [C:/github/fp/Simulation2016/I-V/I-V.ip_user_files/ipstatic/fifo_generator_v13_1/simulation/fifo_generator_vlog_beh.v:7724]
WARNING: [VRFC 10-597] element index -1 into num_read_words_dc is out of bounds [C:/github/fp/Simulation2016/I-V/I-V.ip_user_files/ipstatic/fifo_generator_v13_1/simulation/fifo_generator_vlog_beh.v:8054]
WARNING: [VRFC 10-597] element index -1 into num_write_words_dc is out of bounds [C:/github/fp/Simulation2016/I-V/I-V.ip_user_files/ipstatic/fifo_generator_v13_1/simulation/fifo_generator_vlog_beh.v:8104]
=======
Running: C:/Xilinx/Vivado/2016.2/bin/unwrapped/win64.o/xelab.exe -wto cfa84ca63fc54fd180d347ee81a35e64 --debug typical --relax --mt 2 -L xil_defaultlib -L xpm -L blk_mem_gen_v8_3_3 -L unisims_ver -L unimacro_ver -L secureip --snapshot testbench_iv_behav xil_defaultlib.testbench_iv xil_defaultlib.glbl -log elaborate.log 
Using 2 slave threads.
Starting static elaboration
>>>>>>> 05678811a445870379df2794c239b93fde78afde
WARNING: [VRFC 10-1783] select index 30 into current_contents is out of bounds [C:/github/fp/Simulation2016/I-V/I-V.ip_user_files/ipstatic/blk_mem_gen_v8_3/simulation/blk_mem_gen_v8_3.v:2414]
WARNING: [VRFC 10-1783] select index 62 into current_contents is out of bounds [C:/github/fp/Simulation2016/I-V/I-V.ip_user_files/ipstatic/blk_mem_gen_v8_3/simulation/blk_mem_gen_v8_3.v:2415]
Completed static elaboration
Starting simulation data flow analysis
Completed simulation data flow analysis
Time Resolution for simulation is 1ps
<<<<<<< HEAD
Compiling package std.standard
Compiling package ieee.std_logic_1164
Compiling package ieee.numeric_std
Compiling package cic_compiler_v4_0_10.cic_compiler_v4_0_10_viv_comp
Compiling package ieee.std_logic_arith
Compiling package ieee.std_logic_signed
Compiling package ieee.math_real
Compiling package std.textio
Compiling package xbip_utils_v3_0_6.xbip_utils_v3_0_6_pkg
Compiling package ieee.std_logic_textio
Compiling package unisim.vcomponents
Compiling package cic_compiler_v4_0_10.toolbox_pkg
Compiling package cic_compiler_v4_0_10.cic_compiler_v4_0_10_pkg
Compiling package cic_compiler_v4_0_10.cic_compiler_v4_0_10_hdl_comps
Compiling package axi_utils_v2_0_2.global_util_pkg
Compiling package axi_utils_v2_0_2.axi_utils_comps
Compiling package ieee.vital_timing
Compiling package ieee.vital_primitives
Compiling package unisim.vpkg
Compiling module axis_infrastructure_v1_1_0.axis_infrastructure_v1_1_0_util_...
Compiling module axis_infrastructure_v1_1_0.axis_infrastructure_v1_1_0_util_...
Compiling module axis_infrastructure_v1_1_0.axis_infrastructure_v1_1_0_util_...
Compiling module fifo_generator_v13_1_1.fifo_generator_v13_1_1_bhv_ver_s...
Compiling module fifo_generator_v13_1_1.fifo_generator_v13_1_1_bhv_ver_p...
Compiling module fifo_generator_v13_1_1.fifo_generator_v13_1_1_CONV_VER(...
Compiling module fifo_generator_v13_1_1.fifo_generator_vlog_beh(C_COMMON...
Compiling module fifo_generator_v13_1_1.fifo_generator_v13_1_1(C_COMMON_...
Compiling module axis_infrastructure_v1_1_0.axis_infrastructure_v1_1_0_util_...
Compiling module axis_data_fifo_v1_1_10.axis_data_fifo_v1_1_10_axis_data...
Compiling module xil_defaultlib.DUT_IV_axis_data_fifo_0_0
Compiling module axis_infrastructure_v1_1_0.axis_infrastructure_v1_1_0_util_...
Compiling module axis_register_slice_v1_1_9.axis_register_slice_v1_1_9_axisc...
Compiling module axis_infrastructure_v1_1_0.axis_infrastructure_v1_1_0_util_...
Compiling module axis_register_slice_v1_1_9.axis_register_slice_v1_1_9_axis_...
Compiling module axis_dwidth_converter_v1_1_8.axis_dwidth_converter_v1_1_8_axi...
Compiling module axis_infrastructure_v1_1_0.axis_infrastructure_v1_1_0_util_...
Compiling module axis_register_slice_v1_1_9.axis_register_slice_v1_1_9_axisc...
Compiling module axis_infrastructure_v1_1_0.axis_infrastructure_v1_1_0_util_...
Compiling module axis_register_slice_v1_1_9.axis_register_slice_v1_1_9_axis_...
Compiling module axis_dwidth_converter_v1_1_8.axis_dwidth_converter_v1_1_8_axi...
Compiling module xil_defaultlib.DUT_IV_axis_dwidth_converter_0_0
Compiling module xil_defaultlib.axis_measure_pulse
Compiling module xil_defaultlib.DUT_IV_axis_measure_pulse_0_1
Compiling module xil_defaultlib.axis_variable
Compiling module xil_defaultlib.DUT_IV_axis_variable_0_0
=======
Compiling module xil_defaultlib.axis_measure_pulse(BRAM_ADDR_WID...
Compiling module xil_defaultlib.DUT_IV_axis_measure_pulse_0_0
>>>>>>> 05678811a445870379df2794c239b93fde78afde
Compiling module blk_mem_gen_v8_3_3.blk_mem_gen_v8_3_3_output_stage(...
Compiling module blk_mem_gen_v8_3_3.blk_mem_gen_v8_3_3_output_stage(...
Compiling module blk_mem_gen_v8_3_3.blk_mem_gen_v8_3_3_softecc_outpu...
Compiling module blk_mem_gen_v8_3_3.blk_mem_gen_v8_3_3_mem_module(C_...
Compiling module blk_mem_gen_v8_3_3.blk_mem_axi_regs_fwd_v8_3(C_DATA...
Compiling module blk_mem_gen_v8_3_3.blk_mem_gen_v8_3_3(C_FAMILY="zyn...
Compiling module xil_defaultlib.DUT_IV_blk_mem_gen_0_0
Compiling module xil_defaultlib.DUT_IV
Compiling module xil_defaultlib.DUT_IV_wrapper
Compiling module xil_defaultlib.testbench_iv
Compiling module xil_defaultlib.glbl
Built simulation snapshot testbench_iv_behav
